c:\dev\helix\debug\helix.pdb
c:\dev\helix\debug\helix.idb
c:\dev\helix\debug\window.obj
c:\dev\helix\debug\texturecache.obj
c:\dev\helix\debug\spritebatch.obj
c:\dev\helix\debug\sprite.obj
c:\dev\helix\debug\resourcemanager.obj
c:\dev\helix\debug\iomanager.obj
c:\dev\helix\debug\imageloader.obj
c:\dev\helix\debug\helix.obj
c:\dev\helix\debug\glslprogram.obj
c:\dev\helix\debug\exception.obj
c:\dev\helix\debug\camera2d.obj
c:\dev\helix\debug\glad.obj
c:\dev\helix\debug\timing.obj
c:\dev\helix\debug\inputmanager.obj
c:\dev\helix\debug\fpslimiter.obj
c:\dev\typinggame\debug\helix.lib
c:\dev\helix\debug\helix.tlog\cl.command.1.tlog
c:\dev\helix\debug\helix.tlog\cl.read.1.tlog
c:\dev\helix\debug\helix.tlog\cl.write.1.tlog
c:\dev\helix\debug\helix.tlog\lib-link.read.1.tlog
c:\dev\helix\debug\helix.tlog\lib-link.write.1.tlog
c:\dev\helix\debug\helix.tlog\lib.command.1.tlog
